<?xml version="1.0" encoding="UTF-8"?>
<!-- Generated by org.testng.reporters.JUnitReportReporter -->
<testsuite hostname="SHIRISHAC" failures="0" tests="3" name="TestNG1.AnnotationDemoTest" time="22.413" errors="0" timestamp="2023-01-08T14:33:34 IST" skipped="0">
  <testcase classname="TestNG1.AnnotationDemoTest" name="Third" time="7.053"/>
  <system-out/>
  <testcase classname="TestNG1.AnnotationDemoTest" name="first" time="8.048"/>
  <system-out/>
  <testcase classname="TestNG1.AnnotationDemoTest" name="Second" time="7.312"/>
  <system-out/>
</testsuite> <!-- TestNG1.AnnotationDemoTest -->
