<?xml version="1.0" encoding="UTF-8"?>
<!-- Generated by org.testng.reporters.JUnitReportReporter -->
<testsuite hostname="SHIRISHAC" failures="0" tests="1" name="TestNG1.SecondTest" time="14.152" errors="0" timestamp="2023-01-04T23:43:45 IST" skipped="0">
  <testcase classname="TestNG1.SecondTest" name="secondtest" time="14.152"/>
  <system-out/>
</testsuite> <!-- TestNG1.SecondTest -->
