<?xml version="1.0" encoding="UTF-8"?>
<!-- Generated by org.testng.reporters.JUnitReportReporter -->
<testsuite hostname="SHIRISHAC" failures="0" tests="20" name="TestNG1.DataDrivenTest" time="0.080" errors="0" timestamp="2023-01-08T13:57:06 IST" skipped="0">
  <testcase classname="TestNG1.DataDrivenTest" name="div" time="0.002"/>
  <system-out/>
  <testcase classname="TestNG1.DataDrivenTest" name="div" time="0.005"/>
  <system-out/>
  <testcase classname="TestNG1.DataDrivenTest" name="add" time="0.002"/>
  <system-out/>
  <testcase classname="TestNG1.DataDrivenTest" name="div" time="0.006"/>
  <system-out/>
  <testcase classname="TestNG1.DataDrivenTest" name="mul" time="0.004"/>
  <system-out/>
  <testcase classname="TestNG1.DataDrivenTest" name="mul" time="0.006"/>
  <system-out/>
  <testcase classname="TestNG1.DataDrivenTest" name="add" time="0.002"/>
  <system-out/>
  <testcase classname="TestNG1.DataDrivenTest" name="div" time="0.005"/>
  <system-out/>
  <testcase classname="TestNG1.DataDrivenTest" name="add" time="0.001"/>
  <system-out/>
  <testcase classname="TestNG1.DataDrivenTest" name="diff" time="0.003"/>
  <system-out/>
  <testcase classname="TestNG1.DataDrivenTest" name="mul" time="0.001"/>
  <system-out/>
  <testcase classname="TestNG1.DataDrivenTest" name="diff" time="0.003"/>
  <system-out/>
  <testcase classname="TestNG1.DataDrivenTest" name="mul" time="0.002"/>
  <system-out/>
  <testcase classname="TestNG1.DataDrivenTest" name="mul" time="0.001"/>
  <system-out/>
  <testcase classname="TestNG1.DataDrivenTest" name="diff" time="0.002"/>
  <system-out/>
  <testcase classname="TestNG1.DataDrivenTest" name="diff" time="0.002"/>
  <system-out/>
  <testcase classname="TestNG1.DataDrivenTest" name="div" time="0.022"/>
  <system-out/>
  <testcase classname="TestNG1.DataDrivenTest" name="add" time="0.008"/>
  <system-out/>
  <testcase classname="TestNG1.DataDrivenTest" name="add" time="0.001"/>
  <system-out/>
  <testcase classname="TestNG1.DataDrivenTest" name="diff" time="0.002"/>
  <system-out/>
</testsuite> <!-- TestNG1.DataDrivenTest -->
