<?xml version="1.0" encoding="UTF-8"?>
<!-- Generated by org.testng.reporters.JUnitReportReporter -->
<testsuite hostname="SHIRISHAC" failures="0" tests="2" name="TestNG1.AnnotationTest" time="0.020" errors="0" timestamp="2023-01-08T14:13:11 IST" skipped="0">
  <testcase classname="TestNG1.AnnotationTest" name="first" time="0.012"/>
  <system-out/>
  <testcase classname="TestNG1.AnnotationTest" name="second" time="0.008"/>
  <system-out/>
</testsuite> <!-- TestNG1.AnnotationTest -->
