<?xml version="1.0" encoding="UTF-8"?>
<!-- Generated by org.testng.reporters.JUnitReportReporter -->
<testsuite hostname="SHIRISHAC" failures="0" tests="7" name="TestNG1.DPTest1" time="67.775" errors="0" timestamp="2023-01-06T12:18:20 IST" skipped="0">
  <testcase classname="TestNG1.DPTest1" name="FaceBookLogin" time="4.929"/>
  <system-out/>
  <testcase classname="TestNG1.DPTest1" name="FaceBookLogin" time="12.631"/>
  <system-out/>
  <testcase classname="TestNG1.DPTest1" name="FaceBookLogin" time="10.991"/>
  <system-out/>
  <testcase classname="TestNG1.DPTest1" name="FaceBookLogin" time="12.476"/>
  <system-out/>
  <testcase classname="TestNG1.DPTest1" name="FaceBookLogin" time="6.514"/>
  <system-out/>
  <testcase classname="TestNG1.DPTest1" name="FaceBookLogin" time="13.458"/>
  <system-out/>
  <testcase classname="TestNG1.DPTest1" name="FaceBookLogin" time="6.776"/>
  <system-out/>
</testsuite> <!-- TestNG1.DPTest1 -->
