<?xml version="1.0" encoding="UTF-8"?>
<!-- Generated by org.testng.reporters.JUnitReportReporter -->
<testsuite hostname="SHIRISHAC" failures="0" tests="2" name="TestNG1.FirstTest" time="0.014" errors="0" timestamp="2023-01-04T22:47:43 IST" skipped="0">
  <testcase classname="TestNG1.FirstTest" name="secondTest" time="0.002"/>
  <system-out/>
  <testcase classname="TestNG1.FirstTest" name="firsttest" time="0.012"/>
  <system-out/>
</testsuite> <!-- TestNG1.FirstTest -->
