<?xml version="1.0" encoding="UTF-8"?>
<!-- Generated by org.testng.reporters.JUnitReportReporter -->
<testsuite hostname="SHIRISHAC" failures="0" tests="7" name="demo.NewTest1" time="69.022" errors="0" timestamp="2023-01-04T15:17:29 IST" skipped="0">
  <testcase classname="demo.NewTest1" name="FaceBookLogin" time="7.749"/>
  <system-out/>
  <testcase classname="demo.NewTest1" name="FaceBookLogin" time="8.921"/>
  <system-out/>
  <testcase classname="demo.NewTest1" name="FaceBookLogin" time="6.116"/>
  <system-out/>
  <testcase classname="demo.NewTest1" name="FaceBookLogin" time="11.397"/>
  <system-out/>
  <testcase classname="demo.NewTest1" name="FaceBookLogin" time="16.522"/>
  <system-out/>
  <testcase classname="demo.NewTest1" name="FaceBookLogin" time="8.082"/>
  <system-out/>
  <testcase classname="demo.NewTest1" name="FaceBookLogin" time="10.235"/>
  <system-out/>
</testsuite> <!-- demo.NewTest1 -->
