<?xml version="1.0" encoding="UTF-8"?>
<!-- Generated by org.testng.reporters.JUnitReportReporter -->
<testsuite hostname="SHIRISHAC" failures="0" tests="7" name="TestNG1.DPTest" time="86.824" errors="0" timestamp="2023-01-06T19:45:44 IST" skipped="0">
  <testcase classname="TestNG1.DPTest" name="FacebookLogin" time="44.485"/>
  <system-out/>
  <testcase classname="TestNG1.DPTest" name="FacebookLogin" time="5.469"/>
  <system-out/>
  <testcase classname="TestNG1.DPTest" name="FacebookLogin" time="5.884"/>
  <system-out/>
  <testcase classname="TestNG1.DPTest" name="FacebookLogin" time="14.002"/>
  <system-out/>
  <testcase classname="TestNG1.DPTest" name="FacebookLogin" time="6.941"/>
  <system-out/>
  <testcase classname="TestNG1.DPTest" name="FacebookLogin" time="4.729"/>
  <system-out/>
  <testcase classname="TestNG1.DPTest" name="FacebookLogin" time="5.314"/>
  <system-out/>
</testsuite> <!-- TestNG1.DPTest -->
