<?xml version="1.0" encoding="UTF-8"?>
<!-- Generated by org.testng.reporters.JUnitReportReporter -->
<testsuite hostname="SHIRISHAC" failures="0" tests="2" name="com.Mycompany.app.Sel_jul_Maven.NewTest" time="0.017" errors="0" timestamp="2023-01-07T23:43:00 IST" skipped="0">
  <testcase classname="com.Mycompany.app.Sel_jul_Maven.NewTest" name="firsttest" time="0.016"/>
  <system-out/>
  <testcase classname="com.Mycompany.app.Sel_jul_Maven.NewTest" name="secondTest" time="0.001"/>
  <system-out/>
</testsuite> <!-- com.Mycompany.app.Sel_jul_Maven.NewTest -->
