<?xml version="1.0" encoding="UTF-8"?>
<!-- Generated by org.testng.reporters.JUnitReportReporter -->
<testsuite hostname="SHIRISHAC" failures="0" tests="1" name="com.Mycompany.app.Sel_jul_Maven.AppTest" time="0.011" errors="0" timestamp="2023-01-07T23:43:00 IST" skipped="0">
  <testcase classname="com.Mycompany.app.Sel_jul_Maven.AppTest" name="shouldAnswerWithTrue" time="0.011"/>
  <system-out/>
</testsuite> <!-- com.Mycompany.app.Sel_jul_Maven.AppTest -->
